{"/Users/Marisa/Desktop/g-age-calc/src/age.js": {"path":"/Users/Marisa/Desktop/g-age-calc/src/age.js","statementMap":{"0":{"start":{"line":3,"column":4},"end":{"line":3,"column":20}},"1":{"start":{"line":4,"column":4},"end":{"line":4,"column":19}},"2":{"start":{"line":5,"column":4},"end":{"line":5,"column":31}},"3":{"start":{"line":6,"column":4},"end":{"line":6,"column":29}},"4":{"start":{"line":7,"column":4},"end":{"line":7,"column":29}},"5":{"start":{"line":8,"column":4},"end":{"line":8,"column":33}},"6":{"start":{"line":9,"column":4},"end":{"line":9,"column":24}},"7":{"start":{"line":10,"column":4},"end":{"line":10,"column":46}},"8":{"start":{"line":11,"column":4},"end":{"line":11,"column":44}},"9":{"start":{"line":12,"column":4},"end":{"line":12,"column":42}},"10":{"start":{"line":13,"column":4},"end":{"line":13,"column":42}},"11":{"start":{"line":14,"column":4},"end":{"line":14,"column":46}},"12":{"start":{"line":15,"column":4},"end":{"line":15,"column":61}},"13":{"start":{"line":16,"column":4},"end":{"line":16,"column":55}},"14":{"start":{"line":17,"column":4},"end":{"line":17,"column":52}},"15":{"start":{"line":18,"column":4},"end":{"line":18,"column":61}}},"fnMap":{"0":{"name":"(anonymous_0)","decl":{"start":{"line":2,"column":2},"end":{"line":2,"column":3}},"loc":{"start":{"line":2,"column":25},"end":{"line":19,"column":3}},"line":2}},"branchMap":{},"s":{"0":6,"1":6,"2":6,"3":6,"4":6,"5":6,"6":6,"7":6,"8":6,"9":6,"10":6,"11":6,"12":6,"13":6,"14":6,"15":6},"f":{"0":6},"b":{},"_coverageSchema":"1a1c01bbd47fc00a2c39e90264f33305004495a9","hash":"69248f106954e2022a8bbb20233ac965090d1931"}
}
